mode: set
github.com/real-staging-ai/api/internal/user/default_profile_service.go:24.71,28.2 1 1
github.com/real-staging-ai/api/internal/user/default_profile_service.go:31.106,33.16 2 1
github.com/real-staging-ai/api/internal/user/default_profile_service.go:33.16,34.36 1 1
github.com/real-staging-ai/api/internal/user/default_profile_service.go:34.36,36.4 1 1
github.com/real-staging-ai/api/internal/user/default_profile_service.go:37.3,37.64 1 1
github.com/real-staging-ai/api/internal/user/default_profile_service.go:40.2,40.50 1 1
github.com/real-staging-ai/api/internal/user/default_profile_service.go:44.118,46.16 2 1
github.com/real-staging-ai/api/internal/user/default_profile_service.go:46.16,47.36 1 1
github.com/real-staging-ai/api/internal/user/default_profile_service.go:47.36,49.4 1 1
github.com/real-staging-ai/api/internal/user/default_profile_service.go:50.3,50.64 1 1
github.com/real-staging-ai/api/internal/user/default_profile_service.go:53.2,53.50 1 1
github.com/real-staging-ai/api/internal/user/default_profile_service.go:59.29,61.51 1 1
github.com/real-staging-ai/api/internal/user/default_profile_service.go:61.51,63.3 1 1
github.com/real-staging-ai/api/internal/user/default_profile_service.go:66.2,75.33 2 1
github.com/real-staging-ai/api/internal/user/default_profile_service.go:75.33,77.3 1 1
github.com/real-staging-ai/api/internal/user/default_profile_service.go:78.2,78.30 1 1
github.com/real-staging-ai/api/internal/user/default_profile_service.go:78.30,80.3 1 1
github.com/real-staging-ai/api/internal/user/default_profile_service.go:83.2,84.16 2 1
github.com/real-staging-ai/api/internal/user/default_profile_service.go:84.16,85.36 1 1
github.com/real-staging-ai/api/internal/user/default_profile_service.go:85.36,87.4 1 1
github.com/real-staging-ai/api/internal/user/default_profile_service.go:88.3,88.67 1 1
github.com/real-staging-ai/api/internal/user/default_profile_service.go:91.2,91.56 1 1
github.com/real-staging-ai/api/internal/user/default_profile_service.go:95.61,97.42 1 1
github.com/real-staging-ai/api/internal/user/default_profile_service.go:97.42,99.51 1 1
github.com/real-staging-ai/api/internal/user/default_profile_service.go:99.51,101.4 1 1
github.com/real-staging-ai/api/internal/user/default_profile_service.go:105.2,105.42 1 1
github.com/real-staging-ai/api/internal/user/default_profile_service.go:105.42,106.27 1 1
github.com/real-staging-ai/api/internal/user/default_profile_service.go:106.27,108.4 1 1
github.com/real-staging-ai/api/internal/user/default_profile_service.go:112.2,112.53 1 1
github.com/real-staging-ai/api/internal/user/default_profile_service.go:112.53,114.3 1 1
github.com/real-staging-ai/api/internal/user/default_profile_service.go:115.2,115.59 1 1
github.com/real-staging-ai/api/internal/user/default_profile_service.go:115.59,117.3 1 1
github.com/real-staging-ai/api/internal/user/default_profile_service.go:119.2,119.12 1 1
github.com/real-staging-ai/api/internal/user/default_profile_service.go:123.72,125.29 1 1
github.com/real-staging-ai/api/internal/user/default_profile_service.go:126.38,131.4 1 1
github.com/real-staging-ai/api/internal/user/default_profile_service.go:132.44,137.4 1 1
github.com/real-staging-ai/api/internal/user/default_profile_service.go:138.10,139.13 1 1
github.com/real-staging-ai/api/internal/user/default_profile_service.go:144.96,150.2 1 1
github.com/real-staging-ai/api/internal/user/default_profile_service.go:162.20,173.61 4 1
github.com/real-staging-ai/api/internal/user/default_profile_service.go:173.61,175.3 1 1
github.com/real-staging-ai/api/internal/user/default_profile_service.go:176.2,176.17 1 1
github.com/real-staging-ai/api/internal/user/default_profile_service.go:176.17,178.3 1 1
github.com/real-staging-ai/api/internal/user/default_profile_service.go:179.2,179.20 1 1
github.com/real-staging-ai/api/internal/user/default_profile_service.go:179.20,181.3 1 1
github.com/real-staging-ai/api/internal/user/default_profile_service.go:182.2,182.23 1 1
github.com/real-staging-ai/api/internal/user/default_profile_service.go:182.23,184.3 1 1
github.com/real-staging-ai/api/internal/user/default_profile_service.go:185.2,185.17 1 1
github.com/real-staging-ai/api/internal/user/default_profile_service.go:185.17,187.3 1 1
github.com/real-staging-ai/api/internal/user/default_profile_service.go:188.2,188.27 1 1
github.com/real-staging-ai/api/internal/user/default_profile_service.go:188.27,190.3 1 1
github.com/real-staging-ai/api/internal/user/default_profile_service.go:193.2,193.29 1 1
github.com/real-staging-ai/api/internal/user/default_profile_service.go:193.29,195.3 1 1
github.com/real-staging-ai/api/internal/user/default_profile_service.go:196.2,196.26 1 1
github.com/real-staging-ai/api/internal/user/default_profile_service.go:196.26,198.3 1 1
github.com/real-staging-ai/api/internal/user/default_profile_service.go:201.2,201.21 1 1
github.com/real-staging-ai/api/internal/user/default_profile_service.go:201.21,203.3 1 1
github.com/real-staging-ai/api/internal/user/default_profile_service.go:204.2,204.21 1 1
github.com/real-staging-ai/api/internal/user/default_profile_service.go:204.21,206.3 1 1
github.com/real-staging-ai/api/internal/user/default_profile_service.go:208.2,208.13 1 1
github.com/real-staging-ai/api/internal/user/default_repository.go:25.67,29.2 1 0
github.com/real-staging-ai/api/internal/user/default_repository.go:34.35,36.28 2 0
github.com/real-staging-ai/api/internal/user/default_repository.go:36.28,38.3 1 0
github.com/real-staging-ai/api/internal/user/default_repository.go:40.2,47.16 3 0
github.com/real-staging-ai/api/internal/user/default_repository.go:47.16,49.3 1 0
github.com/real-staging-ai/api/internal/user/default_repository.go:51.2,51.18 1 0
github.com/real-staging-ai/api/internal/user/default_repository.go:55.106,57.16 2 0
github.com/real-staging-ai/api/internal/user/default_repository.go:57.16,59.3 1 0
github.com/real-staging-ai/api/internal/user/default_repository.go:61.2,64.16 3 0
github.com/real-staging-ai/api/internal/user/default_repository.go:64.16,65.36 1 0
github.com/real-staging-ai/api/internal/user/default_repository.go:65.36,67.4 1 0
github.com/real-staging-ai/api/internal/user/default_repository.go:68.3,68.62 1 0
github.com/real-staging-ai/api/internal/user/default_repository.go:71.2,71.18 1 0
github.com/real-staging-ai/api/internal/user/default_repository.go:75.120,77.16 2 0
github.com/real-staging-ai/api/internal/user/default_repository.go:77.16,78.36 1 0
github.com/real-staging-ai/api/internal/user/default_repository.go:78.36,80.4 1 0
github.com/real-staging-ai/api/internal/user/default_repository.go:81.3,81.69 1 0
github.com/real-staging-ai/api/internal/user/default_repository.go:84.2,84.18 1 0
github.com/real-staging-ai/api/internal/user/default_repository.go:90.50,94.16 3 0
github.com/real-staging-ai/api/internal/user/default_repository.go:94.16,95.36 1 0
github.com/real-staging-ai/api/internal/user/default_repository.go:95.36,97.4 1 0
github.com/real-staging-ai/api/internal/user/default_repository.go:98.3,98.78 1 0
github.com/real-staging-ai/api/internal/user/default_repository.go:101.2,101.18 1 0
github.com/real-staging-ai/api/internal/user/default_repository.go:107.51,109.16 2 0
github.com/real-staging-ai/api/internal/user/default_repository.go:109.16,111.3 1 0
github.com/real-staging-ai/api/internal/user/default_repository.go:113.2,123.16 5 0
github.com/real-staging-ai/api/internal/user/default_repository.go:123.16,124.36 1 0
github.com/real-staging-ai/api/internal/user/default_repository.go:124.36,126.4 1 0
github.com/real-staging-ai/api/internal/user/default_repository.go:127.3,127.78 1 0
github.com/real-staging-ai/api/internal/user/default_repository.go:130.2,130.18 1 0
github.com/real-staging-ai/api/internal/user/default_repository.go:134.118,136.16 2 0
github.com/real-staging-ai/api/internal/user/default_repository.go:136.16,138.3 1 0
github.com/real-staging-ai/api/internal/user/default_repository.go:140.2,148.16 4 0
github.com/real-staging-ai/api/internal/user/default_repository.go:148.16,149.36 1 0
github.com/real-staging-ai/api/internal/user/default_repository.go:149.36,151.4 1 0
github.com/real-staging-ai/api/internal/user/default_repository.go:152.3,152.64 1 0
github.com/real-staging-ai/api/internal/user/default_repository.go:155.2,155.18 1 0
github.com/real-staging-ai/api/internal/user/default_repository.go:159.78,161.16 2 0
github.com/real-staging-ai/api/internal/user/default_repository.go:161.16,163.3 1 0
github.com/real-staging-ai/api/internal/user/default_repository.go:165.2,168.16 3 0
github.com/real-staging-ai/api/internal/user/default_repository.go:168.16,170.3 1 0
github.com/real-staging-ai/api/internal/user/default_repository.go:172.2,172.12 1 0
github.com/real-staging-ai/api/internal/user/default_repository.go:176.107,183.16 3 0
github.com/real-staging-ai/api/internal/user/default_repository.go:183.16,185.3 1 0
github.com/real-staging-ai/api/internal/user/default_repository.go:187.2,187.19 1 0
github.com/real-staging-ai/api/internal/user/default_repository.go:191.71,193.16 2 0
github.com/real-staging-ai/api/internal/user/default_repository.go:193.16,195.3 1 0
github.com/real-staging-ai/api/internal/user/default_repository.go:197.2,197.19 1 0
github.com/real-staging-ai/api/internal/user/default_repository.go:201.120,203.16 2 0
github.com/real-staging-ai/api/internal/user/default_repository.go:203.16,205.3 1 0
github.com/real-staging-ai/api/internal/user/default_repository.go:207.2,210.16 3 0
github.com/real-staging-ai/api/internal/user/default_repository.go:210.16,211.36 1 0
github.com/real-staging-ai/api/internal/user/default_repository.go:211.36,213.4 1 0
github.com/real-staging-ai/api/internal/user/default_repository.go:214.3,214.70 1 0
github.com/real-staging-ai/api/internal/user/default_repository.go:217.2,217.21 1 0
github.com/real-staging-ai/api/internal/user/default_repository.go:223.49,225.16 2 0
github.com/real-staging-ai/api/internal/user/default_repository.go:225.16,226.36 1 0
github.com/real-staging-ai/api/internal/user/default_repository.go:226.36,228.4 1 0
github.com/real-staging-ai/api/internal/user/default_repository.go:229.3,229.77 1 0
github.com/real-staging-ai/api/internal/user/default_repository.go:232.2,232.21 1 0
github.com/real-staging-ai/api/internal/user/default_repository.go:238.42,240.16 2 0
github.com/real-staging-ai/api/internal/user/default_repository.go:240.16,242.3 1 0
github.com/real-staging-ai/api/internal/user/default_repository.go:244.2,250.26 4 0
github.com/real-staging-ai/api/internal/user/default_repository.go:250.26,252.3 1 0
github.com/real-staging-ai/api/internal/user/default_repository.go:253.2,253.29 1 0
github.com/real-staging-ai/api/internal/user/default_repository.go:253.29,255.3 1 0
github.com/real-staging-ai/api/internal/user/default_repository.go:256.2,256.32 1 0
github.com/real-staging-ai/api/internal/user/default_repository.go:256.32,258.3 1 0
github.com/real-staging-ai/api/internal/user/default_repository.go:259.2,259.26 1 0
github.com/real-staging-ai/api/internal/user/default_repository.go:259.26,261.3 1 0
github.com/real-staging-ai/api/internal/user/default_repository.go:262.2,262.36 1 0
github.com/real-staging-ai/api/internal/user/default_repository.go:262.36,264.3 1 0
github.com/real-staging-ai/api/internal/user/default_repository.go:265.2,265.35 1 0
github.com/real-staging-ai/api/internal/user/default_repository.go:265.35,267.3 1 0
github.com/real-staging-ai/api/internal/user/default_repository.go:268.2,268.32 1 0
github.com/real-staging-ai/api/internal/user/default_repository.go:268.32,270.3 1 0
github.com/real-staging-ai/api/internal/user/default_repository.go:272.2,284.16 3 0
github.com/real-staging-ai/api/internal/user/default_repository.go:284.16,285.36 1 0
github.com/real-staging-ai/api/internal/user/default_repository.go:285.36,287.4 1 0
github.com/real-staging-ai/api/internal/user/default_repository.go:288.3,288.67 1 0
github.com/real-staging-ai/api/internal/user/default_repository.go:291.2,291.21 1 0
github.com/real-staging-ai/api/internal/user/profile_mock.go:78.106,79.32 1 0
github.com/real-staging-ai/api/internal/user/profile_mock.go:79.32,80.106 1 0
github.com/real-staging-ai/api/internal/user/profile_mock.go:82.2,92.41 5 0
github.com/real-staging-ai/api/internal/user/profile_mock.go:102.3,111.2 5 0
github.com/real-staging-ai/api/internal/user/profile_mock.go:114.118,115.42 1 0
github.com/real-staging-ai/api/internal/user/profile_mock.go:115.42,116.126 1 0
github.com/real-staging-ai/api/internal/user/profile_mock.go:118.2,128.53 5 0
github.com/real-staging-ai/api/internal/user/profile_mock.go:138.3,147.2 5 0
github.com/real-staging-ai/api/internal/user/profile_mock.go:150.136,151.35 1 0
github.com/real-staging-ai/api/internal/user/profile_mock.go:151.35,152.112 1 0
github.com/real-staging-ai/api/internal/user/profile_mock.go:154.2,166.49 5 0
github.com/real-staging-ai/api/internal/user/profile_mock.go:177.3,187.2 5 0
github.com/real-staging-ai/api/internal/user/repository_mock.go:213.71,214.27 1 0
github.com/real-staging-ai/api/internal/user/repository_mock.go:214.27,215.88 1 0
github.com/real-staging-ai/api/internal/user/repository_mock.go:217.2,225.28 5 0
github.com/real-staging-ai/api/internal/user/repository_mock.go:234.3,242.2 5 0
github.com/real-staging-ai/api/internal/user/repository_mock.go:245.144,246.28 1 0
github.com/real-staging-ai/api/internal/user/repository_mock.go:246.28,247.90 1 0
github.com/real-staging-ai/api/internal/user/repository_mock.go:249.2,263.63 5 0
github.com/real-staging-ai/api/internal/user/repository_mock.go:275.3,286.2 5 0
github.com/real-staging-ai/api/internal/user/repository_mock.go:289.78,290.28 1 0
github.com/real-staging-ai/api/internal/user/repository_mock.go:290.28,291.90 1 0
github.com/real-staging-ai/api/internal/user/repository_mock.go:293.2,303.37 5 0
github.com/real-staging-ai/api/internal/user/repository_mock.go:313.3,322.2 5 0
github.com/real-staging-ai/api/internal/user/repository_mock.go:325.120,326.35 1 0
github.com/real-staging-ai/api/internal/user/repository_mock.go:326.35,327.104 1 0
github.com/real-staging-ai/api/internal/user/repository_mock.go:329.2,339.46 5 0
github.com/real-staging-ai/api/internal/user/repository_mock.go:349.3,358.2 5 0
github.com/real-staging-ai/api/internal/user/repository_mock.go:361.106,362.29 1 0
github.com/real-staging-ai/api/internal/user/repository_mock.go:362.29,363.92 1 0
github.com/real-staging-ai/api/internal/user/repository_mock.go:365.2,375.38 5 0
github.com/real-staging-ai/api/internal/user/repository_mock.go:385.3,394.2 5 0
github.com/real-staging-ai/api/internal/user/repository_mock.go:397.144,398.43 1 0
github.com/real-staging-ai/api/internal/user/repository_mock.go:398.43,399.120 1 0
github.com/real-staging-ai/api/internal/user/repository_mock.go:401.2,411.62 5 0
github.com/real-staging-ai/api/internal/user/repository_mock.go:421.3,430.2 5 0
github.com/real-staging-ai/api/internal/user/repository_mock.go:433.134,434.42 1 1
github.com/real-staging-ai/api/internal/user/repository_mock.go:434.42,435.118 1 0
github.com/real-staging-ai/api/internal/user/repository_mock.go:437.2,447.53 5 1
github.com/real-staging-ai/api/internal/user/repository_mock.go:457.3,466.2 5 0
github.com/real-staging-ai/api/internal/user/repository_mock.go:469.120,470.36 1 1
github.com/real-staging-ai/api/internal/user/repository_mock.go:470.36,471.106 1 0
github.com/real-staging-ai/api/internal/user/repository_mock.go:473.2,483.45 5 1
github.com/real-staging-ai/api/internal/user/repository_mock.go:493.3,502.2 5 0
github.com/real-staging-ai/api/internal/user/repository_mock.go:505.111,506.26 1 0
github.com/real-staging-ai/api/internal/user/repository_mock.go:506.26,507.86 1 0
github.com/real-staging-ai/api/internal/user/repository_mock.go:509.2,521.42 5 0
github.com/real-staging-ai/api/internal/user/repository_mock.go:532.3,542.2 5 0
github.com/real-staging-ai/api/internal/user/repository_mock.go:545.142,546.35 1 1
github.com/real-staging-ai/api/internal/user/repository_mock.go:546.35,547.104 1 0
github.com/real-staging-ai/api/internal/user/repository_mock.go:549.2,561.53 5 1
github.com/real-staging-ai/api/internal/user/repository_mock.go:572.3,582.2 5 0
github.com/real-staging-ai/api/internal/user/repository_mock.go:585.125,586.32 1 0
github.com/real-staging-ai/api/internal/user/repository_mock.go:586.32,587.98 1 0
github.com/real-staging-ai/api/internal/user/repository_mock.go:589.2,601.47 5 0
github.com/real-staging-ai/api/internal/user/repository_mock.go:612.3,622.2 5 0
github.com/real-staging-ai/api/internal/user/repository_mock.go:625.161,626.44 1 0
github.com/real-staging-ai/api/internal/user/repository_mock.go:626.44,627.122 1 0
github.com/real-staging-ai/api/internal/user/repository_mock.go:629.2,641.71 5 0
github.com/real-staging-ai/api/internal/user/repository_mock.go:652.3,662.2 5 0
