mode: set
github.com/real-staging-ai/api/internal/http/admin_handler.go:25.111,31.2 1 0
github.com/real-staging-ai/api/internal/http/admin_handler.go:34.57,38.16 3 0
github.com/real-staging-ai/api/internal/http/admin_handler.go:38.16,41.3 2 0
github.com/real-staging-ai/api/internal/http/admin_handler.go:43.2,45.4 1 0
github.com/real-staging-ai/api/internal/http/admin_handler.go:49.61,53.16 3 0
github.com/real-staging-ai/api/internal/http/admin_handler.go:53.16,56.3 2 0
github.com/real-staging-ai/api/internal/http/admin_handler.go:59.2,60.16 2 0
github.com/real-staging-ai/api/internal/http/admin_handler.go:60.16,63.3 2 0
github.com/real-staging-ai/api/internal/http/admin_handler.go:65.2,66.31 2 0
github.com/real-staging-ai/api/internal/http/admin_handler.go:66.31,67.26 1 0
github.com/real-staging-ai/api/internal/http/admin_handler.go:67.26,69.9 2 0
github.com/real-staging-ai/api/internal/http/admin_handler.go:73.2,73.24 1 0
github.com/real-staging-ai/api/internal/http/admin_handler.go:73.24,75.3 1 0
github.com/real-staging-ai/api/internal/http/admin_handler.go:77.2,77.43 1 0
github.com/real-staging-ai/api/internal/http/admin_handler.go:81.64,85.37 3 0
github.com/real-staging-ai/api/internal/http/admin_handler.go:85.37,87.3 1 0
github.com/real-staging-ai/api/internal/http/admin_handler.go:90.2,90.21 1 0
github.com/real-staging-ai/api/internal/http/admin_handler.go:90.21,92.3 1 0
github.com/real-staging-ai/api/internal/http/admin_handler.go:95.2,96.16 2 0
github.com/real-staging-ai/api/internal/http/admin_handler.go:96.16,101.3 2 0
github.com/real-staging-ai/api/internal/http/admin_handler.go:103.2,104.16 2 0
github.com/real-staging-ai/api/internal/http/admin_handler.go:104.16,107.3 2 0
github.com/real-staging-ai/api/internal/http/admin_handler.go:109.2,114.4 2 0
github.com/real-staging-ai/api/internal/http/admin_handler.go:118.59,122.16 3 0
github.com/real-staging-ai/api/internal/http/admin_handler.go:122.16,125.3 2 0
github.com/real-staging-ai/api/internal/http/admin_handler.go:127.2,129.4 1 0
github.com/real-staging-ai/api/internal/http/admin_handler.go:133.57,138.16 4 0
github.com/real-staging-ai/api/internal/http/admin_handler.go:138.16,141.3 2 0
github.com/real-staging-ai/api/internal/http/admin_handler.go:143.2,143.39 1 0
github.com/real-staging-ai/api/internal/http/admin_handler.go:147.60,152.37 4 0
github.com/real-staging-ai/api/internal/http/admin_handler.go:152.37,154.3 1 0
github.com/real-staging-ai/api/internal/http/admin_handler.go:157.2,157.21 1 0
github.com/real-staging-ai/api/internal/http/admin_handler.go:157.21,159.3 1 0
github.com/real-staging-ai/api/internal/http/admin_handler.go:162.2,163.16 2 0
github.com/real-staging-ai/api/internal/http/admin_handler.go:163.16,168.3 2 0
github.com/real-staging-ai/api/internal/http/admin_handler.go:170.2,171.16 2 0
github.com/real-staging-ai/api/internal/http/admin_handler.go:171.16,174.3 2 0
github.com/real-staging-ai/api/internal/http/admin_handler.go:176.2,182.4 2 0
github.com/real-staging-ai/api/internal/http/admin_handler.go:186.72,191.16 3 0
github.com/real-staging-ai/api/internal/http/admin_handler.go:191.16,193.3 1 0
github.com/real-staging-ai/api/internal/http/admin_handler.go:196.2,198.16 3 0
github.com/real-staging-ai/api/internal/http/admin_handler.go:198.16,199.36 1 0
github.com/real-staging-ai/api/internal/http/admin_handler.go:199.36,202.18 2 0
github.com/real-staging-ai/api/internal/http/admin_handler.go:202.18,205.5 2 0
github.com/real-staging-ai/api/internal/http/admin_handler.go:206.4,206.35 1 0
github.com/real-staging-ai/api/internal/http/admin_handler.go:208.3,209.17 2 0
github.com/real-staging-ai/api/internal/http/admin_handler.go:212.2,212.38 1 0
github.com/real-staging-ai/api/internal/http/download_handlers.go:18.68,20.19 2 0
github.com/real-staging-ai/api/internal/http/download_handlers.go:20.19,22.3 1 0
github.com/real-staging-ai/api/internal/http/download_handlers.go:24.2,25.16 2 0
github.com/real-staging-ai/api/internal/http/download_handlers.go:25.16,27.3 1 0
github.com/real-staging-ai/api/internal/http/download_handlers.go:28.2,29.65 2 0
github.com/real-staging-ai/api/internal/http/download_handlers.go:29.65,30.65 1 0
github.com/real-staging-ai/api/internal/http/download_handlers.go:30.65,32.4 1 0
github.com/real-staging-ai/api/internal/http/download_handlers.go:34.2,35.37 2 0
github.com/real-staging-ai/api/internal/http/download_handlers.go:35.37,37.3 1 0
github.com/real-staging-ai/api/internal/http/download_handlers.go:39.2,40.16 2 0
github.com/real-staging-ai/api/internal/http/download_handlers.go:40.16,42.3 1 0
github.com/real-staging-ai/api/internal/http/download_handlers.go:44.2,45.22 2 0
github.com/real-staging-ai/api/internal/http/download_handlers.go:45.22,46.51 1 0
github.com/real-staging-ai/api/internal/http/download_handlers.go:46.51,48.4 1 0
github.com/real-staging-ai/api/internal/http/download_handlers.go:49.3,49.26 1 0
github.com/real-staging-ai/api/internal/http/download_handlers.go:50.8,52.3 1 0
github.com/real-staging-ai/api/internal/http/download_handlers.go:54.2,55.32 2 0
github.com/real-staging-ai/api/internal/http/download_handlers.go:55.32,57.3 1 0
github.com/real-staging-ai/api/internal/http/download_handlers.go:59.2,60.18 2 0
github.com/real-staging-ai/api/internal/http/download_handlers.go:60.18,62.3 1 0
github.com/real-staging-ai/api/internal/http/download_handlers.go:63.2,63.18 1 0
github.com/real-staging-ai/api/internal/http/download_handlers.go:63.18,65.3 1 0
github.com/real-staging-ai/api/internal/http/download_handlers.go:68.2,69.39 2 0
github.com/real-staging-ai/api/internal/http/download_handlers.go:69.40,71.3 0 0
github.com/real-staging-ai/api/internal/http/download_handlers.go:71.8,73.3 1 0
github.com/real-staging-ai/api/internal/http/download_handlers.go:74.2,75.19 2 0
github.com/real-staging-ai/api/internal/http/download_handlers.go:75.19,77.3 1 0
github.com/real-staging-ai/api/internal/http/download_handlers.go:79.2,80.16 2 0
github.com/real-staging-ai/api/internal/http/download_handlers.go:80.16,83.3 1 0
github.com/real-staging-ai/api/internal/http/download_handlers.go:85.2,85.64 1 0
github.com/real-staging-ai/api/internal/http/profile_handler.go:20.96,25.2 1 1
github.com/real-staging-ai/api/internal/http/profile_handler.go:28.59,33.16 3 1
github.com/real-staging-ai/api/internal/http/profile_handler.go:33.16,36.3 2 0
github.com/real-staging-ai/api/internal/http/profile_handler.go:39.2,40.16 2 1
github.com/real-staging-ai/api/internal/http/profile_handler.go:40.16,43.3 2 1
github.com/real-staging-ai/api/internal/http/profile_handler.go:45.2,45.39 1 1
github.com/real-staging-ai/api/internal/http/profile_handler.go:49.62,54.16 3 1
github.com/real-staging-ai/api/internal/http/profile_handler.go:54.16,57.3 2 0
github.com/real-staging-ai/api/internal/http/profile_handler.go:60.2,61.16 2 1
github.com/real-staging-ai/api/internal/http/profile_handler.go:61.16,64.3 2 1
github.com/real-staging-ai/api/internal/http/profile_handler.go:67.2,68.37 2 1
github.com/real-staging-ai/api/internal/http/profile_handler.go:68.37,71.3 2 1
github.com/real-staging-ai/api/internal/http/profile_handler.go:74.2,75.16 2 1
github.com/real-staging-ai/api/internal/http/profile_handler.go:75.16,78.3 2 1
github.com/real-staging-ai/api/internal/http/profile_handler.go:80.2,80.39 1 1
github.com/real-staging-ai/api/internal/http/pubsub.go:17.48,19.16 2 0
github.com/real-staging-ai/api/internal/http/pubsub.go:19.16,21.3 1 0
github.com/real-staging-ai/api/internal/http/pubsub.go:22.2,23.36 2 0
github.com/real-staging-ai/api/internal/http/pubsub.go:30.107,35.12 3 0
github.com/real-staging-ai/api/internal/http/pubsub.go:35.12,37.34 2 0
github.com/real-staging-ai/api/internal/http/pubsub.go:37.34,38.11 1 0
github.com/real-staging-ai/api/internal/http/pubsub.go:39.35,39.35 0 0
github.com/real-staging-ai/api/internal/http/pubsub.go:40.22,41.11 1 0
github.com/real-staging-ai/api/internal/http/pubsub.go:46.2,46.30 1 0
github.com/real-staging-ai/api/internal/http/pubsub.go:46.30,46.87 1 0
github.com/real-staging-ai/api/internal/http/pubsub.go:47.2,47.29 1 0
github.com/real-staging-ai/api/internal/http/server.go:46.11,73.53 9 0
github.com/real-staging-ai/api/internal/http/server.go:73.53,75.3 1 0
github.com/real-staging-ai/api/internal/http/server.go:77.2,88.57 4 0
github.com/real-staging-ai/api/internal/http/server.go:88.57,91.3 2 0
github.com/real-staging-ai/api/internal/http/server.go:94.2,117.54 16 0
github.com/real-staging-ai/api/internal/http/server.go:117.54,122.17 3 0
github.com/real-staging-ai/api/internal/http/server.go:122.17,124.4 1 0
github.com/real-staging-ai/api/internal/http/server.go:125.3,125.21 1 0
github.com/real-staging-ai/api/internal/http/server.go:129.2,160.10 23 0
github.com/real-staging-ai/api/internal/http/server.go:164.106,183.57 9 0
github.com/real-staging-ai/api/internal/http/server.go:183.57,186.3 2 0
github.com/real-staging-ai/api/internal/http/server.go:189.2,208.48 14 0
github.com/real-staging-ai/api/internal/http/server.go:208.48,213.17 3 0
github.com/real-staging-ai/api/internal/http/server.go:213.17,215.4 1 0
github.com/real-staging-ai/api/internal/http/server.go:216.3,216.21 1 0
github.com/real-staging-ai/api/internal/http/server.go:220.2,251.10 23 0
github.com/real-staging-ai/api/internal/http/server.go:255.43,257.2 1 0
github.com/real-staging-ai/api/internal/http/server.go:260.68,262.2 1 0
github.com/real-staging-ai/api/internal/http/server.go:265.52,270.2 1 0
github.com/real-staging-ai/api/internal/http/server.go:274.56,275.36 1 0
github.com/real-staging-ai/api/internal/http/server.go:275.36,276.50 1 0
github.com/real-staging-ai/api/internal/http/server.go:276.50,278.4 1 0
github.com/real-staging-ai/api/internal/http/server.go:279.3,279.14 1 0
github.com/real-staging-ai/api/internal/http/upload_handlers.go:49.61,51.37 2 0
github.com/real-staging-ai/api/internal/http/upload_handlers.go:51.37,56.3 1 0
github.com/real-staging-ai/api/internal/http/upload_handlers.go:59.2,59.83 1 0
github.com/real-staging-ai/api/internal/http/upload_handlers.go:59.83,65.3 1 0
github.com/real-staging-ai/api/internal/http/upload_handlers.go:68.2,69.16 2 0
github.com/real-staging-ai/api/internal/http/upload_handlers.go:69.16,74.3 1 0
github.com/real-staging-ai/api/internal/http/upload_handlers.go:76.2,79.16 4 0
github.com/real-staging-ai/api/internal/http/upload_handlers.go:79.16,80.36 1 0
github.com/real-staging-ai/api/internal/http/upload_handlers.go:80.36,83.18 2 0
github.com/real-staging-ai/api/internal/http/upload_handlers.go:83.18,88.5 1 0
github.com/real-staging-ai/api/internal/http/upload_handlers.go:89.4,89.32 1 0
github.com/real-staging-ai/api/internal/http/upload_handlers.go:90.9,95.4 1 0
github.com/real-staging-ai/api/internal/http/upload_handlers.go:96.8,98.3 1 0
github.com/real-staging-ai/api/internal/http/upload_handlers.go:101.2,108.16 2 0
github.com/real-staging-ai/api/internal/http/upload_handlers.go:108.16,113.3 1 0
github.com/real-staging-ai/api/internal/http/upload_handlers.go:115.2,121.40 2 0
github.com/real-staging-ai/api/internal/http/upload_handlers.go:125.86,130.9 3 0
github.com/real-staging-ai/api/internal/http/upload_handlers.go:131.22,135.5 1 0
github.com/real-staging-ai/api/internal/http/upload_handlers.go:136.27,140.5 1 0
github.com/real-staging-ai/api/internal/http/upload_handlers.go:141.43,145.5 1 0
github.com/real-staging-ai/api/internal/http/upload_handlers.go:149.2,149.27 1 0
github.com/real-staging-ai/api/internal/http/upload_handlers.go:149.27,154.3 1 0
github.com/real-staging-ai/api/internal/http/upload_handlers.go:154.8,154.58 1 0
github.com/real-staging-ai/api/internal/http/upload_handlers.go:154.58,159.3 1 0
github.com/real-staging-ai/api/internal/http/upload_handlers.go:162.2,162.23 1 0
github.com/real-staging-ai/api/internal/http/upload_handlers.go:162.23,167.3 1 0
github.com/real-staging-ai/api/internal/http/upload_handlers.go:167.8,167.52 1 0
github.com/real-staging-ai/api/internal/http/upload_handlers.go:167.52,172.3 1 0
github.com/real-staging-ai/api/internal/http/upload_handlers.go:175.2,175.49 1 0
github.com/real-staging-ai/api/internal/http/upload_handlers.go:175.49,180.74 3 0
github.com/real-staging-ai/api/internal/http/upload_handlers.go:180.74,185.4 1 0
github.com/real-staging-ai/api/internal/http/upload_handlers.go:188.2,188.15 1 0
github.com/real-staging-ai/api/internal/http/upload_handlers.go:191.53,192.13 1 0
github.com/real-staging-ai/api/internal/http/upload_handlers.go:193.23,194.22 1 0
github.com/real-staging-ai/api/internal/http/upload_handlers.go:195.14,196.21 1 0
github.com/real-staging-ai/api/internal/http/upload_handlers.go:197.15,198.22 1 0
github.com/real-staging-ai/api/internal/http/upload_handlers.go:199.10,200.12 1 0
